<component name="libraryTable">
  <library name="junit-4.10">
    <CLASSES>
      <root url="jar://$PROJECT_DIR$/lib/junit-4.10.jar!/" />
      <root url="jar://$PROJECT_DIR$/lib/httpclient-4.3.1.jar!/" />
      <root url="jar://$PROJECT_DIR$/lib/fastjson-1.2.62.jar!/" />
      <root url="jar://$PROJECT_DIR$/lib/slf4j-api-1.7.26.jar!/" />
      <root url="jar://$PROJECT_DIR$/lib/commons-logging-1.2.jar!/" />
      <root url="jar://$PROJECT_DIR$/lib/swagger-annotations-1.5.13.jar!/" />
      <root url="jar://$PROJECT_DIR$/lib/validation-api-2.0.1.Final.jar!/" />
      <root url="jar://$PROJECT_DIR$/lib/httpcore-4.3.jar!/" />
    </CLASSES>
    <JAVADOC />
    <SOURCES />
  </library>
</component>